smartui.takeScreenshot", "args": [{"screenshotName": "Ignore-XPath", "fullPage": false, "ignoreDOM": {"xpath": ["/html/body/div[1]/div[1]/section[1]"]}}]}
smartui.takeFullPageScreenshot, {"screenshotName\": \"Ritam_12\",\n \"smartScroll\": true,\n \"ignoreDOM\": {\"xpath\": [\"/html/body/div[1]/div[1]/section[1]\"]}\n }", "args": []{"level":"info","message":"Snooper version 1.23.0","service":"snooper","timestamp":"Mon, 30 Dec 2024 12:59:20 GMT"}
{"level":"info","message":"Snooper discovery completed","service":"snooper","timestamp":"Mon, 30 Dec 2024 12:59:20 GMT"}
{"level":"info","message":"Snooper version 1.23.0","service":"snooper","timestamp":"Mon, 30 Dec 2024 12:59:21 GMT"}
{"level":"info","message":"Discovering feature files","service":"snooper","timestamp":"Mon, 30 Dec 2024 12:59:21 GMT"}
{"level":"info","message":"framework java","service":"snooper","timestamp":"Mon, 30 Dec 2024 12:59:21 GMT"}
{"level":"info","message":"extracting fetures","service":"snooper","timestamp":"Mon, 30 Dec 2024 12:59:21 GMT"}
{"level":"info","message":"Extracting features from file src/test/resources/features/legacy/authoring/Accordian-Component-Authoring-Tests.feature","service":"snooper","timestamp":"Mon, 30 Dec 2024 12:59:21 GMT"}
{"level":"info","message":"Extracting features from file src/test/resources/features/legacy/authoring/Adaptive-Image-Component-Authoring-Tests.feature","service":"snooper","timestamp":"Mon, 30 Dec 2024 12:59:21 GMT"}
{"level":"info","message":"Extracting features from file src/test/resources/features/legacy/authoring/Banner-Component-Tests.feature","service":"snooper","timestamp":"Mon, 30 Dec 2024 12:59:21 GMT"}
{"level":"info","message":"Extracting features from file src/test/resources/features/legacy/authoring/Button-Link-Component-Authoring-Tests.feature","service":"snooper","timestamp":"Mon, 30 Dec 2024 12:59:21 GMT"}
{"level":"info","message":"Extracting features from file src/test/resources/features/legacy/authoring/Canvas-Component-Authoring-Tests.feature","service":"snooper","timestamp":"Mon, 30 Dec 2024 12:59:21 GMT"}
{"level":"info","message":"Extracting features from file src/test/resources/features/legacy/authoring/Club-Booking-Widget-Component-Authoring-Tests.feature","service":"snooper","timestamp":"Mon, 30 Dec 2024 12:59:21 GMT"}
{"level":"info","message":"Extracting features from file src/test/resources/features/legacy/authoring/Emergency-Banner-Authoring-Tests.feature","service":"snooper","timestamp":"Mon, 30 Dec 2024 12:59:21 GMT"}
{"level":"info","message":"Extracting features from file src/test/resources/features/legacy/authoring/Feature-Table-Authoring-Tests.feature","service":"snooper","timestamp":"Mon, 30 Dec 2024 12:59:21 GMT"}
{"level":"info","message":"Extracting features from file src/test/resources/features/legacy/authoring/Footer-Component-Authoring-Tests.feature","service":"snooper","timestamp":"Mon, 30 Dec 2024 12:59:21 GMT"}
{"level":"info","message":"Extracting features from file src/test/resources/features/legacy/authoring/Fuel-Price-Component-Tests.feature","service":"snooper","timestamp":"Mon, 30 Dec 2024 12:59:21 GMT"}
{"level":"info","message":"Extracting features from file src/test/resources/features/legacy/authoring/Generic-List-Template.feature","service":"snooper","timestamp":"Mon, 30 Dec 2024 12:59:21 GMT"}
{"level":"info","message":"Extracting features from file src/test/resources/features/legacy/authoring/Grid-Control-Component-Authoring-Tests.feature","service":"snooper","timestamp":"Mon, 30 Dec 2024 12:59:21 GMT"}
{"level":"info","message":"Extracting features from file src/test/resources/features/legacy/authoring/Header-Component-Authoring-Tests.feature","service":"snooper","timestamp":"Mon, 30 Dec 2024 12:59:21 GMT"}
{"level":"info","message":"Extracting features from file src/test/resources/features/legacy/authoring/Hero-Component-Authoring-Tests.feature","service":"snooper","timestamp":"Mon, 30 Dec 2024 12:59:21 GMT"}
{"level":"info","message":"Extracting features from file src/test/resources/features/legacy/authoring/Html-Editor-Component-Authoring-Tests.feature","service":"snooper","timestamp":"Mon, 30 Dec 2024 12:59:21 GMT"}
{"level":"info","message":"Extracting features from file src/test/resources/features/legacy/authoring/Multi-ERA-Component-Authoring-Tests.feature","service":"snooper","timestamp":"Mon, 30 Dec 2024 12:59:21 GMT"}
{"level":"info","message":"Extracting features from file src/test/resources/features/legacy/authoring/Offer-Card-Authoring-Tests.feature","service":"snooper","timestamp":"Mon, 30 Dec 2024 12:59:21 GMT"}
{"level":"info","message":"Extracting features from file src/test/resources/features/legacy/authoring/Popular-Topics-Authoring-Tests.feature","service":"snooper","timestamp":"Mon, 30 Dec 2024 12:59:21 GMT"}
{"level":"info","message":"Extracting features from file src/test/resources/features/legacy/authoring/RACV-T&L-Search-Widget-Component-Authoring.feature","service":"snooper","timestamp":"Mon, 30 Dec 2024 12:59:21 GMT"}
{"level":"info","message":"Extracting features from file src/test/resources/features/legacy/authoring/RACV-Test-AEM-Authoring.feature","service":"snooper","timestamp":"Mon, 30 Dec 2024 12:59:21 GMT"}
{"level":"info","message":"Extracting features from file src/test/resources/features/legacy/authoring/RACV-Test-Copy-functionality.feature","service":"snooper","timestamp":"Mon, 30 Dec 2024 12:59:21 GMT"}
{"level":"info","message":"Extracting features from file src/test/resources/features/legacy/authoring/Related-Info-List.feature","service":"snooper","timestamp":"Mon, 30 Dec 2024 12:59:21 GMT"}
{"level":"info","message":"Extracting features from file src/test/resources/features/legacy/authoring/Related-Information-List-Standard-Authoring.feature","service":"snooper","timestamp":"Mon, 30 Dec 2024 12:59:21 GMT"}
{"level":"info","message":"Extracting features from file src/test/resources/features/legacy/authoring/Resorts-Booking-Widget-Component-Authoring-Tests.feature","service":"snooper","timestamp":"Mon, 30 Dec 2024 12:59:21 GMT"}
{"level":"info","message":"Extracting features from file src/test/resources/features/legacy/authoring/RTE-Component-Authoring-Tests.feature","service":"snooper","timestamp":"Mon, 30 Dec 2024 12:59:21 GMT"}
{"level":"info","message":"Extracting features from file src/test/resources/features/legacy/authoring/Single-Entry-Point-Component-Authoring-Tests.feature","service":"snooper","timestamp":"Mon, 30 Dec 2024 12:59:21 GMT"}
{"level":"info","message":"Extracting features from file src/test/resources/features/legacy/authoring/Split-Panel-Authoring-Tests.feature","service":"snooper","timestamp":"Mon, 30 Dec 2024 12:59:21 GMT"}
{"level":"info","message":"Extracting features from file src/test/resources/features/legacy/authoring/Standard-Template-Tests.feature","service":"snooper","timestamp":"Mon, 30 Dec 2024 12:59:21 GMT"}
{"level":"info","message":"Extracting features from file src/test/resources/features/legacy/authoring/Tabbed-Links-Component-Authoring-Tests.feature","service":"snooper","timestamp":"Mon, 30 Dec 2024 12:59:21 GMT"}
{"level":"info","message":"Extracting features from file src/test/resources/features/legacy/authoring/Tiles-Cards-Component-Authoring-Tests.feature","service":"snooper","timestamp":"Mon, 30 Dec 2024 12:59:21 GMT"}
{"level":"info","message":"Extracting features from file src/test/resources/features/legacy/authoring/Tiles-Tile-Component-Authoring-Tests.feature","service":"snooper","timestamp":"Mon, 30 Dec 2024 12:59:21 GMT"}
{"level":"info","message":"Extracting features from file src/test/resources/features/legacy/authoring/Utility.feature","service":"snooper","timestamp":"Mon, 30 Dec 2024 12:59:21 GMT"}
{"level":"info","message":"Extracting features from file src/test/resources/features/legacy/authoring/Video-Component-Authoring-tests.feature","service":"snooper","timestamp":"Mon, 30 Dec 2024 12:59:21 GMT"}
{"level":"info","message":"Extracting features from file src/test/resources/features/legacy/pages/AEM-Forms-R0-R1.feature","service":"snooper","timestamp":"Mon, 30 Dec 2024 12:59:21 GMT"}
{"level":"info","message":"Extracting features from file src/test/resources/features/legacy/pages/AEM-Forms-R2.feature","service":"snooper","timestamp":"Mon, 30 Dec 2024 12:59:21 GMT"}
{"level":"info","message":"Extracting features from file src/test/resources/features/legacy/pages/AEM-Forms-R3.feature","service":"snooper","timestamp":"Mon, 30 Dec 2024 12:59:21 GMT"}
{"level":"info","message":"Extracting features from file src/test/resources/features/legacy/pages/Forms-Validation.feature","service":"snooper","timestamp":"Mon, 30 Dec 2024 12:59:21 GMT"}
{"level":"info","message":"Extracting features from file src/test/resources/features/legacy/pages/RACV-Club.feature","service":"snooper","timestamp":"Mon, 30 Dec 2024 12:59:21 GMT"}
{"level":"info","message":"Extracting features from file src/test/resources/features/legacy/pages/RACV-Generic.feature","service":"snooper","timestamp":"Mon, 30 Dec 2024 12:59:21 GMT"}
{"level":"info","message":"Extracting features from file src/test/resources/features/legacy/pages/RACV-Legal.feature","service":"snooper","timestamp":"Mon, 30 Dec 2024 12:59:21 GMT"}
{"level":"info","message":"Extracting features from file src/test/resources/features/legacy/pages/RACV-Microsites-Sanity.feature","service":"snooper","timestamp":"Mon, 30 Dec 2024 12:59:21 GMT"}
{"level":"info","message":"Extracting features from file src/test/resources/features/legacy/pages/RACV-Search.feature","service":"snooper","timestamp":"Mon, 30 Dec 2024 12:59:21 GMT"}
{"level":"info","message":"Extracting features from file src/test/resources/features/legacy/pages/Screenshots-building-insurance.feature","service":"snooper","timestamp":"Mon, 30 Dec 2024 12:59:21 GMT"}
{"level":"info","message":"Extracting features from file src/test/resources/features/legacy/pages/Screenshots-combine-insurance.feature","service":"snooper","timestamp":"Mon, 30 Dec 2024 12:59:21 GMT"}
{"level":"info","message":"Extracting features from file src/test/resources/features/legacy/pages/Screenshots-home-contents-insurance.feature","service":"snooper","timestamp":"Mon, 30 Dec 2024 12:59:21 GMT"}
{"level":"info","message":"Extracting features from file src/test/resources/features/legacy/pages/Screenshots-home-insurance.feature","service":"snooper","timestamp":"Mon, 30 Dec 2024 12:59:21 GMT"}
{"level":"info","message":"Extracting features from file src/test/resources/features/legacy/pages/Screenshots-member-benefits.feature","service":"snooper","timestamp":"Mon, 30 Dec 2024 12:59:21 GMT"}
{"level":"info","message":"Extracting features from file src/test/resources/features/p3/authoring/Accordion.feature","service":"snooper","timestamp":"Mon, 30 Dec 2024 12:59:21 GMT"}
{"level":"info","message":"Extracting features from file src/test/resources/features/p3/authoring/ActionBar.feature","service":"snooper","timestamp":"Mon, 30 Dec 2024 12:59:21 GMT"}
{"level":"info","message":"Extracting features from file src/test/resources/features/p3/authoring/AuthorInformation.feature","service":"snooper","timestamp":"Mon, 30 Dec 2024 12:59:21 GMT"}
{"level":"info","message":"Extracting features from file src/test/resources/features/p3/authoring/Banner.feature","service":"snooper","timestamp":"Mon, 30 Dec 2024 12:59:21 GMT"}
{"level":"info","message":"Extracting features from file src/test/resources/features/p3/authoring/BenefitsSnapshotPanel.feature","service":"snooper","timestamp":"Mon, 30 Dec 2024 12:59:21 GMT"}
{"level":"info","message":"Extracting features from file src/test/resources/features/p3/authoring/Breadcrumb.feature","service":"snooper","timestamp":"Mon, 30 Dec 2024 12:59:21 GMT"}
{"level":"info","message":"Extracting features from file src/test/resources/features/p3/authoring/Button-Theme.feature","service":"snooper","timestamp":"Mon, 30 Dec 2024 12:59:21 GMT"}
{"level":"info","message":"Extracting features from file src/test/resources/features/p3/authoring/Button.feature","service":"snooper","timestamp":"Mon, 30 Dec 2024 12:59:21 GMT"}
{"level":"info","message":"Extracting features from file src/test/resources/features/p3/authoring/Card.feature","service":"snooper","timestamp":"Mon, 30 Dec 2024 12:59:21 GMT"}
{"level":"info","message":"Extracting features from file src/test/resources/features/p3/authoring/CompareCard.feature","service":"snooper","timestamp":"Mon, 30 Dec 2024 12:59:21 GMT"}
{"level":"info","message":"Extracting features from file src/test/resources/features/p3/authoring/ContactFooter.feature","service":"snooper","timestamp":"Mon, 30 Dec 2024 12:59:21 GMT"}
{"level":"info","message":"Extracting features from file src/test/resources/features/p3/authoring/Container.feature","service":"snooper","timestamp":"Mon, 30 Dec 2024 12:59:21 GMT"}
{"level":"info","message":"Extracting features from file src/test/resources/features/p3/authoring/Embed.feature","service":"snooper","timestamp":"Mon, 30 Dec 2024 12:59:21 GMT"}
{"level":"info","message":"Extracting features from file src/test/resources/features/p3/authoring/EmergencyStrip.feature","service":"snooper","timestamp":"Mon, 30 Dec 2024 12:59:21 GMT"}
{"level":"info","message":"Extracting features from file src/test/resources/features/p3/authoring/Experience-Fragment.feature","service":"snooper","timestamp":"Mon, 30 Dec 2024 12:59:21 GMT"}
{"level":"info","message":"Extracting features from file src/test/resources/features/p3/authoring/FeatureBanner.feature","service":"snooper","timestamp":"Mon, 30 Dec 2024 12:59:21 GMT"}
{"level":"info","message":"Extracting features from file src/test/resources/features/p3/authoring/Feedback.feature","service":"snooper","timestamp":"Mon, 30 Dec 2024 12:59:21 GMT"}
{"level":"info","message":"Extracting features from file src/test/resources/features/p3/authoring/FilterMap.feature","service":"snooper","timestamp":"Mon, 30 Dec 2024 12:59:21 GMT"}
{"level":"info","message":"Extracting features from file src/test/resources/features/p3/authoring/Footer.feature","service":"snooper","timestamp":"Mon, 30 Dec 2024 12:59:21 GMT"}
{"level":"info","message":"Extracting features from file src/test/resources/features/p3/authoring/Form-DatePicker.feature","service":"snooper","timestamp":"Mon, 30 Dec 2024 12:59:21 GMT"}
{"level":"info","message":"Extracting features from file src/test/resources/features/p3/authoring/Form-DoBPicker.feature","service":"snooper","timestamp":"Mon, 30 Dec 2024 12:59:21 GMT"}
{"level":"info","message":"Extracting features from file src/test/resources/features/p3/authoring/Form-Field.feature","service":"snooper","timestamp":"Mon, 30 Dec 2024 12:59:21 GMT"}
{"level":"info","message":"Extracting features from file src/test/resources/features/p3/authoring/Form-FileUploader.feature","service":"snooper","timestamp":"Mon, 30 Dec 2024 12:59:21 GMT"}
{"level":"info","message":"Extracting features from file src/test/resources/features/p3/authoring/Form-Option.feature","service":"snooper","timestamp":"Mon, 30 Dec 2024 12:59:21 GMT"}
{"level":"info","message":"Extracting features from file src/test/resources/features/p3/authoring/Form-TMP-Analytics.feature","service":"snooper","timestamp":"Mon, 30 Dec 2024 12:59:21 GMT"}
{"level":"info","message":"Extracting features from file src/test/resources/features/p3/authoring/Form.feature","service":"snooper","timestamp":"Mon, 30 Dec 2024 12:59:21 GMT"}
{"level":"info","message":"Extracting features from file src/test/resources/features/p3/authoring/GDPR.feature","service":"snooper","timestamp":"Mon, 30 Dec 2024 12:59:21 GMT"}
{"level":"info","message":"Extracting features from file src/test/resources/features/p3/authoring/Header.feature","service":"snooper","timestamp":"Mon, 30 Dec 2024 12:59:21 GMT"}
{"level":"info","message":"Extracting features from file src/test/resources/features/p3/authoring/HeroBanner.feature","service":"snooper","timestamp":"Mon, 30 Dec 2024 12:59:21 GMT"}
{"level":"info","message":"Extracting features from file src/test/resources/features/p3/authoring/HighlightCards.feature","service":"snooper","timestamp":"Mon, 30 Dec 2024 12:59:21 GMT"}
{"level":"info","message":"Extracting features from file src/test/resources/features/p3/authoring/HtmlEditor.feature","service":"snooper","timestamp":"Mon, 30 Dec 2024 12:59:21 GMT"}
{"level":"info","message":"Extracting features from file src/test/resources/features/p3/authoring/IconText.feature","service":"snooper","timestamp":"Mon, 30 Dec 2024 12:59:21 GMT"}
{"level":"info","message":"Extracting features from file src/test/resources/features/p3/authoring/IconTextIllustration.feature","service":"snooper","timestamp":"Mon, 30 Dec 2024 12:59:21 GMT"}
{"level":"info","message":"Extracting features from file src/test/resources/features/p3/authoring/Image.feature","service":"snooper","timestamp":"Mon, 30 Dec 2024 12:59:21 GMT"}
{"level":"info","message":"Extracting features from file src/test/resources/features/p3/authoring/LinkList.feature","service":"snooper","timestamp":"Mon, 30 Dec 2024 12:59:21 GMT"}
{"level":"info","message":"Extracting features from file src/test/resources/features/p3/authoring/LoanCalculator.feature","service":"snooper","timestamp":"Mon, 30 Dec 2024 12:59:21 GMT"}
{"level":"info","message":"Extracting features from file src/test/resources/features/p3/authoring/MemberValidation.feature","service":"snooper","timestamp":"Mon, 30 Dec 2024 12:59:21 GMT"}
{"level":"info","message":"Extracting features from file src/test/resources/features/p3/authoring/Misc-AEM.feature","service":"snooper","timestamp":"Mon, 30 Dec 2024 12:59:21 GMT"}
{"level":"info","message":"Extracting features from file src/test/resources/features/p3/authoring/Misc-Storybook-iOS.feature","service":"snooper","timestamp":"Mon, 30 Dec 2024 12:59:21 GMT"}
{"level":"info","message":"Extracting features from file src/test/resources/features/p3/authoring/Misc-StoryBook.feature","service":"snooper","timestamp":"Mon, 30 Dec 2024 12:59:21 GMT"}
{"level":"info","message":"Extracting features from file src/test/resources/features/p3/authoring/NavigationSidebar.feature","service":"snooper","timestamp":"Mon, 30 Dec 2024 12:59:21 GMT"}
{"level":"info","message":"Extracting features from file src/test/resources/features/p3/authoring/Offer-Banner.feature","service":"snooper","timestamp":"Mon, 30 Dec 2024 12:59:21 GMT"}
{"level":"info","message":"Extracting features from file src/test/resources/features/p3/authoring/OfferCards.feature","service":"snooper","timestamp":"Mon, 30 Dec 2024 12:59:21 GMT"}
{"level":"info","message":"Extracting features from file src/test/resources/features/p3/authoring/OverviewPanel.feature","service":"snooper","timestamp":"Mon, 30 Dec 2024 12:59:21 GMT"}
{"level":"info","message":"Extracting features from file src/test/resources/features/p3/authoring/ProductListing.feature","service":"snooper","timestamp":"Mon, 30 Dec 2024 12:59:21 GMT"}
{"level":"info","message":"Extracting features from file src/test/resources/features/p3/authoring/RelatedInformation.feature","service":"snooper","timestamp":"Mon, 30 Dec 2024 12:59:21 GMT"}
{"level":"info","message":"Extracting features from file src/test/resources/features/p3/authoring/Separator.feature","service":"snooper","timestamp":"Mon, 30 Dec 2024 12:59:21 GMT"}
{"level":"info","message":"Extracting features from file src/test/resources/features/p3/authoring/SimpleTable.feature","service":"snooper","timestamp":"Mon, 30 Dec 2024 12:59:21 GMT"}
{"level":"info","message":"Extracting features from file src/test/resources/features/p3/authoring/SolarCalculator.feature","service":"snooper","timestamp":"Mon, 30 Dec 2024 12:59:21 GMT"}
{"level":"info","message":"Extracting features from file src/test/resources/features/p3/authoring/SplitPanel.feature","service":"snooper","timestamp":"Mon, 30 Dec 2024 12:59:21 GMT"}
{"level":"info","message":"Extracting features from file src/test/resources/features/p3/authoring/Stepper.feature","service":"snooper","timestamp":"Mon, 30 Dec 2024 12:59:21 GMT"}
{"level":"info","message":"Extracting features from file src/test/resources/features/p3/authoring/SuccessBanner.feature","service":"snooper","timestamp":"Mon, 30 Dec 2024 12:59:21 GMT"}
{"level":"info","message":"Extracting features from file src/test/resources/features/p3/authoring/SupportTile.feature","service":"snooper","timestamp":"Mon, 30 Dec 2024 12:59:21 GMT"}
{"level":"info","message":"Extracting features from file src/test/resources/features/p3/authoring/TabbedContent.feature","service":"snooper","timestamp":"Mon, 30 Dec 2024 12:59:21 GMT"}
{"level":"info","message":"Extracting features from file src/test/resources/features/p3/authoring/Text.feature","service":"snooper","timestamp":"Mon, 30 Dec 2024 12:59:21 GMT"}
{"level":"info","message":"Extracting features from file src/test/resources/features/p3/authoring/TextImage.feature","service":"snooper","timestamp":"Mon, 30 Dec 2024 12:59:21 GMT"}
{"level":"info","message":"Extracting features from file src/test/resources/features/p3/authoring/Tiles.feature","service":"snooper","timestamp":"Mon, 30 Dec 2024 12:59:21 GMT"}
{"level":"info","message":"Extracting features from file src/test/resources/features/p3/authoring/Title.feature","service":"snooper","timestamp":"Mon, 30 Dec 2024 12:59:21 GMT"}
{"level":"info","message":"Extracting features from file src/test/resources/features/p3/authoring/TnESearchWidget.feature","service":"snooper","timestamp":"Mon, 30 Dec 2024 12:59:21 GMT"}
{"level":"info","message":"Extracting features from file src/test/resources/features/p3/authoring/TradesSearchWidget.feature","service":"snooper","timestamp":"Mon, 30 Dec 2024 12:59:21 GMT"}
{"level":"info","message":"Extracting features from file src/test/resources/features/p3/authoring/Utility.feature","service":"snooper","timestamp":"Mon, 30 Dec 2024 12:59:21 GMT"}
{"level":"info","message":"Extracting features from file src/test/resources/features/p3/authoring/VideoPlayer.feature","service":"snooper","timestamp":"Mon, 30 Dec 2024 12:59:21 GMT"}
{"level":"info","message":"Extracting features from file src/test/resources/features/p3/authoring/Wayfinder.feature","service":"snooper","timestamp":"Mon, 30 Dec 2024 12:59:21 GMT"}
{"level":"info","message":"Extracting features from file src/test/resources/features/p3/pages/Analytics.feature","service":"snooper","timestamp":"Mon, 30 Dec 2024 12:59:21 GMT"}
{"level":"info","message":"Extracting features from file src/test/resources/features/p3/pages/Cars-Transport.feature","service":"snooper","timestamp":"Mon, 30 Dec 2024 12:59:21 GMT"}
{"level":"info","message":"Extracting features from file src/test/resources/features/p3/pages/Console-Errors.feature","service":"snooper","timestamp":"Mon, 30 Dec 2024 12:59:21 GMT"}
{"level":"info","message":"Extracting features from file src/test/resources/features/p3/pages/Form-Constraints-Injection.feature","service":"snooper","timestamp":"Mon, 30 Dec 2024 12:59:21 GMT"}
{"level":"info","message":"Extracting features from file src/test/resources/features/p3/pages/Form-Constraints-Submission.feature","service":"snooper","timestamp":"Mon, 30 Dec 2024 12:59:21 GMT"}
{"level":"info","message":"Extracting features from file src/test/resources/features/p3/pages/Form-Constraints.feature","service":"snooper","timestamp":"Mon, 30 Dec 2024 12:59:21 GMT"}
{"level":"info","message":"Extracting features from file src/test/resources/features/p3/pages/Header-and-Footer-P3.feature","service":"snooper","timestamp":"Mon, 30 Dec 2024 12:59:21 GMT"}
{"level":"info","message":"Extracting features from file src/test/resources/features/p3/pages/Header-and-Footer.feature","service":"snooper","timestamp":"Mon, 30 Dec 2024 12:59:21 GMT"}
{"level":"info","message":"Extracting features from file src/test/resources/features/p3/pages/Home-Business.feature","service":"snooper","timestamp":"Mon, 30 Dec 2024 12:59:21 GMT"}
{"level":"info","message":"Extracting features from file src/test/resources/features/p3/pages/Home-Security.feature","service":"snooper","timestamp":"Mon, 30 Dec 2024 12:59:21 GMT"}
{"level":"info","message":"Extracting features from file src/test/resources/features/p3/pages/Home-Trades.feature","service":"snooper","timestamp":"Mon, 30 Dec 2024 12:59:21 GMT"}
{"level":"info","message":"Extracting features from file src/test/resources/features/p3/pages/Member-Validation.feature","service":"snooper","timestamp":"Mon, 30 Dec 2024 12:59:21 GMT"}
{"level":"info","message":"Extracting features from file src/test/resources/features/p3/pages/Membership.feature","service":"snooper","timestamp":"Mon, 30 Dec 2024 12:59:21 GMT"}
{"level":"info","message":"Extracting features from file src/test/resources/features/p3/pages/Misc.feature","service":"snooper","timestamp":"Mon, 30 Dec 2024 12:59:21 GMT"}
{"level":"info","message":"Extracting features from file src/test/resources/features/p3/pages/News-And-Lifestyle.feature","service":"snooper","timestamp":"Mon, 30 Dec 2024 12:59:21 GMT"}
{"level":"info","message":"Extracting features from file src/test/resources/features/p3/pages/Other.feature","service":"snooper","timestamp":"Mon, 30 Dec 2024 12:59:21 GMT"}
{"level":"info","message":"Extracting features from file src/test/resources/features/p3/pages/Prod.feature","service":"snooper","timestamp":"Mon, 30 Dec 2024 12:59:21 GMT"}
{"level":"info","message":"Extracting features from file src/test/resources/features/p3/pages/RACV-Generic.feature","service":"snooper","timestamp":"Mon, 30 Dec 2024 12:59:21 GMT"}
{"level":"info","message":"Extracting features from file src/test/resources/features/p3/pages/Resorts-Search.feature","service":"snooper","timestamp":"Mon, 30 Dec 2024 12:59:21 GMT"}
{"level":"info","message":"Extracting features from file src/test/resources/features/p3/pages/Resorts.feature","service":"snooper","timestamp":"Mon, 30 Dec 2024 12:59:21 GMT"}
{"level":"info","message":"Extracting features from file src/test/resources/features/p3/pages/Solar.feature","service":"snooper","timestamp":"Mon, 30 Dec 2024 12:59:21 GMT"}
{"level":"info","message":"Extracting features from file src/test/resources/features/p3/pages/Travel-Experiences.feature","service":"snooper","timestamp":"Mon, 30 Dec 2024 12:59:21 GMT"}
{"level":"info","message":"Extracting features from file src/test/resources/features/p3/pages/Utility.feature","service":"snooper","timestamp":"Mon, 30 Dec 2024 12:59:21 GMT"}
{"level":"info","message":"Snooper discovery completed","service":"snooper","timestamp":"Mon, 30 Dec 2024 12:59:21 GMT"}
{"level":"info","message":"Snooper version 1.23.0","service":"snooper","timestamp":"Mon, 30 Dec 2024 12:59:50 GMT"}
{"level":"info","message":"Snooper discovery completed","service":"snooper","timestamp":"Mon, 30 Dec 2024 12:59:50 GMT"}
{"level":"info","message":"Snooper version 1.23.0","service":"snooper","timestamp":"Mon, 30 Dec 2024 12:59:51 GMT"}
{"level":"info","message":"Discovering feature files","service":"snooper","timestamp":"Mon, 30 Dec 2024 12:59:51 GMT"}
{"level":"info","message":"framework java","service":"snooper","timestamp":"Mon, 30 Dec 2024 12:59:51 GMT"}
{"level":"info","message":"extracting fetures","service":"snooper","timestamp":"Mon, 30 Dec 2024 12:59:51 GMT"}
{"level":"info","message":"Extracting features from file src/test/resources/features/legacy/authoring/Accordian-Component-Authoring-Tests.feature","service":"snooper","timestamp":"Mon, 30 Dec 2024 12:59:51 GMT"}
{"level":"info","message":"Extracting features from file src/test/resources/features/legacy/authoring/Adaptive-Image-Component-Authoring-Tests.feature","service":"snooper","timestamp":"Mon, 30 Dec 2024 12:59:51 GMT"}
{"level":"info","message":"Extracting features from file src/test/resources/features/legacy/authoring/Banner-Component-Tests.feature","service":"snooper","timestamp":"Mon, 30 Dec 2024 12:59:51 GMT"}
{"level":"info","message":"Extracting features from file src/test/resources/features/legacy/authoring/Button-Link-Component-Authoring-Tests.feature","service":"snooper","timestamp":"Mon, 30 Dec 2024 12:59:51 GMT"}
{"level":"info","message":"Extracting features from file src/test/resources/features/legacy/authoring/Canvas-Component-Authoring-Tests.feature","service":"snooper","timestamp":"Mon, 30 Dec 2024 12:59:51 GMT"}
{"level":"info","message":"Extracting features from file src/test/resources/features/legacy/authoring/Club-Booking-Widget-Component-Authoring-Tests.feature","service":"snooper","timestamp":"Mon, 30 Dec 2024 12:59:51 GMT"}
{"level":"info","message":"Extracting features from file src/test/resources/features/legacy/authoring/Emergency-Banner-Authoring-Tests.feature","service":"snooper","timestamp":"Mon, 30 Dec 2024 12:59:51 GMT"}
{"level":"info","message":"Extracting features from file src/test/resources/features/legacy/authoring/Feature-Table-Authoring-Tests.feature","service":"snooper","timestamp":"Mon, 30 Dec 2024 12:59:51 GMT"}
{"level":"info","message":"Extracting features from file src/test/resources/features/legacy/authoring/Footer-Component-Authoring-Tests.feature","service":"snooper","timestamp":"Mon, 30 Dec 2024 12:59:51 GMT"}
{"level":"info","message":"Extracting features from file src/test/resources/features/legacy/authoring/Fuel-Price-Component-Tests.feature","service":"snooper","timestamp":"Mon, 30 Dec 2024 12:59:51 GMT"}
{"level":"info","message":"Extracting features from file src/test/resources/features/legacy/authoring/Generic-List-Template.feature","service":"snooper","timestamp":"Mon, 30 Dec 2024 12:59:51 GMT"}
{"level":"info","message":"Extracting features from file src/test/resources/features/legacy/authoring/Grid-Control-Component-Authoring-Tests.feature","service":"snooper","timestamp":"Mon, 30 Dec 2024 12:59:51 GMT"}
{"level":"info","message":"Extracting features from file src/test/resources/features/legacy/authoring/Header-Component-Authoring-Tests.feature","service":"snooper","timestamp":"Mon, 30 Dec 2024 12:59:51 GMT"}
{"level":"info","message":"Extracting features from file src/test/resources/features/legacy/authoring/Hero-Component-Authoring-Tests.feature","service":"snooper","timestamp":"Mon, 30 Dec 2024 12:59:51 GMT"}
{"level":"info","message":"Extracting features from file src/test/resources/features/legacy/authoring/Html-Editor-Component-Authoring-Tests.feature","service":"snooper","timestamp":"Mon, 30 Dec 2024 12:59:51 GMT"}
{"level":"info","message":"Extracting features from file src/test/resources/features/legacy/authoring/Multi-ERA-Component-Authoring-Tests.feature","service":"snooper","timestamp":"Mon, 30 Dec 2024 12:59:51 GMT"}
{"level":"info","message":"Extracting features from file src/test/resources/features/legacy/authoring/Offer-Card-Authoring-Tests.feature","service":"snooper","timestamp":"Mon, 30 Dec 2024 12:59:51 GMT"}
{"level":"info","message":"Extracting features from file src/test/resources/features/legacy/authoring/Popular-Topics-Authoring-Tests.feature","service":"snooper","timestamp":"Mon, 30 Dec 2024 12:59:51 GMT"}
{"level":"info","message":"Extracting features from file src/test/resources/features/legacy/authoring/RACV-T&L-Search-Widget-Component-Authoring.feature","service":"snooper","timestamp":"Mon, 30 Dec 2024 12:59:51 GMT"}
{"level":"info","message":"Extracting features from file src/test/resources/features/legacy/authoring/RACV-Test-AEM-Authoring.feature","service":"snooper","timestamp":"Mon, 30 Dec 2024 12:59:51 GMT"}
{"level":"info","message":"Extracting features from file src/test/resources/features/legacy/authoring/RACV-Test-Copy-functionality.feature","service":"snooper","timestamp":"Mon, 30 Dec 2024 12:59:51 GMT"}
{"level":"info","message":"Extracting features from file src/test/resources/features/legacy/authoring/Related-Info-List.feature","service":"snooper","timestamp":"Mon, 30 Dec 2024 12:59:51 GMT"}
{"level":"info","message":"Extracting features from file src/test/resources/features/legacy/authoring/Related-Information-List-Standard-Authoring.feature","service":"snooper","timestamp":"Mon, 30 Dec 2024 12:59:51 GMT"}
{"level":"info","message":"Extracting features from file src/test/resources/features/legacy/authoring/Resorts-Booking-Widget-Component-Authoring-Tests.feature","service":"snooper","timestamp":"Mon, 30 Dec 2024 12:59:51 GMT"}
{"level":"info","message":"Extracting features from file src/test/resources/features/legacy/authoring/RTE-Component-Authoring-Tests.feature","service":"snooper","timestamp":"Mon, 30 Dec 2024 12:59:51 GMT"}
{"level":"info","message":"Extracting features from file src/test/resources/features/legacy/authoring/Single-Entry-Point-Component-Authoring-Tests.feature","service":"snooper","timestamp":"Mon, 30 Dec 2024 12:59:51 GMT"}
{"level":"info","message":"Extracting features from file src/test/resources/features/legacy/authoring/Split-Panel-Authoring-Tests.feature","service":"snooper","timestamp":"Mon, 30 Dec 2024 12:59:51 GMT"}
{"level":"info","message":"Extracting features from file src/test/resources/features/legacy/authoring/Standard-Template-Tests.feature","service":"snooper","timestamp":"Mon, 30 Dec 2024 12:59:51 GMT"}
{"level":"info","message":"Extracting features from file src/test/resources/features/legacy/authoring/Tabbed-Links-Component-Authoring-Tests.feature","service":"snooper","timestamp":"Mon, 30 Dec 2024 12:59:51 GMT"}
{"level":"info","message":"Extracting features from file src/test/resources/features/legacy/authoring/Tiles-Cards-Component-Authoring-Tests.feature","service":"snooper","timestamp":"Mon, 30 Dec 2024 12:59:51 GMT"}
{"level":"info","message":"Extracting features from file src/test/resources/features/legacy/authoring/Tiles-Tile-Component-Authoring-Tests.feature","service":"snooper","timestamp":"Mon, 30 Dec 2024 12:59:51 GMT"}
{"level":"info","message":"Extracting features from file src/test/resources/features/legacy/authoring/Utility.feature","service":"snooper","timestamp":"Mon, 30 Dec 2024 12:59:51 GMT"}
{"level":"info","message":"Extracting features from file src/test/resources/features/legacy/authoring/Video-Component-Authoring-tests.feature","service":"snooper","timestamp":"Mon, 30 Dec 2024 12:59:51 GMT"}
{"level":"info","message":"Extracting features from file src/test/resources/features/legacy/pages/AEM-Forms-R0-R1.feature","service":"snooper","timestamp":"Mon, 30 Dec 2024 12:59:51 GMT"}
{"level":"info","message":"Extracting features from file src/test/resources/features/legacy/pages/AEM-Forms-R2.feature","service":"snooper","timestamp":"Mon, 30 Dec 2024 12:59:51 GMT"}
{"level":"info","message":"Extracting features from file src/test/resources/features/legacy/pages/AEM-Forms-R3.feature","service":"snooper","timestamp":"Mon, 30 Dec 2024 12:59:51 GMT"}
{"level":"info","message":"Extracting features from file src/test/resources/features/legacy/pages/Forms-Validation.feature","service":"snooper","timestamp":"Mon, 30 Dec 2024 12:59:51 GMT"}
{"level":"info","message":"Extracting features from file src/test/resources/features/legacy/pages/RACV-Club.feature","service":"snooper","timestamp":"Mon, 30 Dec 2024 12:59:51 GMT"}
{"level":"info","message":"Extracting features from file src/test/resources/features/legacy/pages/RACV-Generic.feature","service":"snooper","timestamp":"Mon, 30 Dec 2024 12:59:51 GMT"}
{"level":"info","message":"Extracting features from file src/test/resources/features/legacy/pages/RACV-Legal.feature","service":"snooper","timestamp":"Mon, 30 Dec 2024 12:59:51 GMT"}
{"level":"info","message":"Extracting features from file src/test/resources/features/legacy/pages/RACV-Microsites-Sanity.feature","service":"snooper","timestamp":"Mon, 30 Dec 2024 12:59:51 GMT"}
{"level":"info","message":"Extracting features from file src/test/resources/features/legacy/pages/RACV-Search.feature","service":"snooper","timestamp":"Mon, 30 Dec 2024 12:59:51 GMT"}
{"level":"info","message":"Extracting features from file src/test/resources/features/legacy/pages/Screenshots-building-insurance.feature","service":"snooper","timestamp":"Mon, 30 Dec 2024 12:59:51 GMT"}
{"level":"info","message":"Extracting features from file src/test/resources/features/legacy/pages/Screenshots-combine-insurance.feature","service":"snooper","timestamp":"Mon, 30 Dec 2024 12:59:51 GMT"}
{"level":"info","message":"Extracting features from file src/test/resources/features/legacy/pages/Screenshots-home-contents-insurance.feature","service":"snooper","timestamp":"Mon, 30 Dec 2024 12:59:51 GMT"}
{"level":"info","message":"Extracting features from file src/test/resources/features/legacy/pages/Screenshots-home-insurance.feature","service":"snooper","timestamp":"Mon, 30 Dec 2024 12:59:51 GMT"}
{"level":"info","message":"Extracting features from file src/test/resources/features/legacy/pages/Screenshots-member-benefits.feature","service":"snooper","timestamp":"Mon, 30 Dec 2024 12:59:51 GMT"}
{"level":"info","message":"Extracting features from file src/test/resources/features/p3/authoring/Accordion.feature","service":"snooper","timestamp":"Mon, 30 Dec 2024 12:59:51 GMT"}
{"level":"info","message":"Extracting features from file src/test/resources/features/p3/authoring/ActionBar.feature","service":"snooper","timestamp":"Mon, 30 Dec 2024 12:59:51 GMT"}
{"level":"info","message":"Extracting features from file src/test/resources/features/p3/authoring/AuthorInformation.feature","service":"snooper","timestamp":"Mon, 30 Dec 2024 12:59:51 GMT"}
{"level":"info","message":"Extracting features from file src/test/resources/features/p3/authoring/Banner.feature","service":"snooper","timestamp":"Mon, 30 Dec 2024 12:59:51 GMT"}
{"level":"info","message":"Extracting features from file src/test/resources/features/p3/authoring/BenefitsSnapshotPanel.feature","service":"snooper","timestamp":"Mon, 30 Dec 2024 12:59:51 GMT"}
{"level":"info","message":"Extracting features from file src/test/resources/features/p3/authoring/Breadcrumb.feature","service":"snooper","timestamp":"Mon, 30 Dec 2024 12:59:51 GMT"}
{"level":"info","message":"Extracting features from file src/test/resources/features/p3/authoring/Button-Theme.feature","service":"snooper","timestamp":"Mon, 30 Dec 2024 12:59:51 GMT"}
{"level":"info","message":"Extracting features from file src/test/resources/features/p3/authoring/Button.feature","service":"snooper","timestamp":"Mon, 30 Dec 2024 12:59:51 GMT"}
{"level":"info","message":"Extracting features from file src/test/resources/features/p3/authoring/Card.feature","service":"snooper","timestamp":"Mon, 30 Dec 2024 12:59:51 GMT"}
{"level":"info","message":"Extracting features from file src/test/resources/features/p3/authoring/CompareCard.feature","service":"snooper","timestamp":"Mon, 30 Dec 2024 12:59:51 GMT"}
{"level":"info","message":"Extracting features from file src/test/resources/features/p3/authoring/ContactFooter.feature","service":"snooper","timestamp":"Mon, 30 Dec 2024 12:59:51 GMT"}
{"level":"info","message":"Extracting features from file src/test/resources/features/p3/authoring/Container.feature","service":"snooper","timestamp":"Mon, 30 Dec 2024 12:59:51 GMT"}
{"level":"info","message":"Extracting features from file src/test/resources/features/p3/authoring/Embed.feature","service":"snooper","timestamp":"Mon, 30 Dec 2024 12:59:51 GMT"}
{"level":"info","message":"Extracting features from file src/test/resources/features/p3/authoring/EmergencyStrip.feature","service":"snooper","timestamp":"Mon, 30 Dec 2024 12:59:51 GMT"}
{"level":"info","message":"Extracting features from file src/test/resources/features/p3/authoring/Experience-Fragment.feature","service":"snooper","timestamp":"Mon, 30 Dec 2024 12:59:51 GMT"}
{"level":"info","message":"Extracting features from file src/test/resources/features/p3/authoring/FeatureBanner.feature","service":"snooper","timestamp":"Mon, 30 Dec 2024 12:59:51 GMT"}
{"level":"info","message":"Extracting features from file src/test/resources/features/p3/authoring/Feedback.feature","service":"snooper","timestamp":"Mon, 30 Dec 2024 12:59:51 GMT"}
{"level":"info","message":"Extracting features from file src/test/resources/features/p3/authoring/FilterMap.feature","service":"snooper","timestamp":"Mon, 30 Dec 2024 12:59:51 GMT"}
{"level":"info","message":"Extracting features from file src/test/resources/features/p3/authoring/Footer.feature","service":"snooper","timestamp":"Mon, 30 Dec 2024 12:59:51 GMT"}
{"level":"info","message":"Extracting features from file src/test/resources/features/p3/authoring/Form-DatePicker.feature","service":"snooper","timestamp":"Mon, 30 Dec 2024 12:59:51 GMT"}
{"level":"info","message":"Extracting features from file src/test/resources/features/p3/authoring/Form-DoBPicker.feature","service":"snooper","timestamp":"Mon, 30 Dec 2024 12:59:51 GMT"}
{"level":"info","message":"Extracting features from file src/test/resources/features/p3/authoring/Form-Field.feature","service":"snooper","timestamp":"Mon, 30 Dec 2024 12:59:51 GMT"}
{"level":"info","message":"Extracting features from file src/test/resources/features/p3/authoring/Form-FileUploader.feature","service":"snooper","timestamp":"Mon, 30 Dec 2024 12:59:51 GMT"}
{"level":"info","message":"Extracting features from file src/test/resources/features/p3/authoring/Form-Option.feature","service":"snooper","timestamp":"Mon, 30 Dec 2024 12:59:51 GMT"}
{"level":"info","message":"Extracting features from file src/test/resources/features/p3/authoring/Form-TMP-Analytics.feature","service":"snooper","timestamp":"Mon, 30 Dec 2024 12:59:51 GMT"}
{"level":"info","message":"Extracting features from file src/test/resources/features/p3/authoring/Form.feature","service":"snooper","timestamp":"Mon, 30 Dec 2024 12:59:51 GMT"}
{"level":"info","message":"Extracting features from file src/test/resources/features/p3/authoring/GDPR.feature","service":"snooper","timestamp":"Mon, 30 Dec 2024 12:59:51 GMT"}
{"level":"info","message":"Extracting features from file src/test/resources/features/p3/authoring/Header.feature","service":"snooper","timestamp":"Mon, 30 Dec 2024 12:59:51 GMT"}
{"level":"info","message":"Extracting features from file src/test/resources/features/p3/authoring/HeroBanner.feature","service":"snooper","timestamp":"Mon, 30 Dec 2024 12:59:51 GMT"}
{"level":"info","message":"Extracting features from file src/test/resources/features/p3/authoring/HighlightCards.feature","service":"snooper","timestamp":"Mon, 30 Dec 2024 12:59:51 GMT"}
{"level":"info","message":"Extracting features from file src/test/resources/features/p3/authoring/HtmlEditor.feature","service":"snooper","timestamp":"Mon, 30 Dec 2024 12:59:51 GMT"}
{"level":"info","message":"Extracting features from file src/test/resources/features/p3/authoring/IconText.feature","service":"snooper","timestamp":"Mon, 30 Dec 2024 12:59:51 GMT"}
{"level":"info","message":"Extracting features from file src/test/resources/features/p3/authoring/IconTextIllustration.feature","service":"snooper","timestamp":"Mon, 30 Dec 2024 12:59:51 GMT"}
{"level":"info","message":"Extracting features from file src/test/resources/features/p3/authoring/Image.feature","service":"snooper","timestamp":"Mon, 30 Dec 2024 12:59:51 GMT"}
{"level":"info","message":"Extracting features from file src/test/resources/features/p3/authoring/LinkList.feature","service":"snooper","timestamp":"Mon, 30 Dec 2024 12:59:51 GMT"}
{"level":"info","message":"Extracting features from file src/test/resources/features/p3/authoring/LoanCalculator.feature","service":"snooper","timestamp":"Mon, 30 Dec 2024 12:59:51 GMT"}
{"level":"info","message":"Extracting features from file src/test/resources/features/p3/authoring/MemberValidation.feature","service":"snooper","timestamp":"Mon, 30 Dec 2024 12:59:51 GMT"}
{"level":"info","message":"Extracting features from file src/test/resources/features/p3/authoring/Misc-AEM.feature","service":"snooper","timestamp":"Mon, 30 Dec 2024 12:59:51 GMT"}
{"level":"info","message":"Extracting features from file src/test/resources/features/p3/authoring/Misc-Storybook-iOS.feature","service":"snooper","timestamp":"Mon, 30 Dec 2024 12:59:51 GMT"}
{"level":"info","message":"Extracting features from file src/test/resources/features/p3/authoring/Misc-StoryBook.feature","service":"snooper","timestamp":"Mon, 30 Dec 2024 12:59:51 GMT"}
{"level":"info","message":"Extracting features from file src/test/resources/features/p3/authoring/NavigationSidebar.feature","service":"snooper","timestamp":"Mon, 30 Dec 2024 12:59:51 GMT"}
{"level":"info","message":"Extracting features from file src/test/resources/features/p3/authoring/Offer-Banner.feature","service":"snooper","timestamp":"Mon, 30 Dec 2024 12:59:51 GMT"}
{"level":"info","message":"Extracting features from file src/test/resources/features/p3/authoring/OfferCards.feature","service":"snooper","timestamp":"Mon, 30 Dec 2024 12:59:51 GMT"}
{"level":"info","message":"Extracting features from file src/test/resources/features/p3/authoring/OverviewPanel.feature","service":"snooper","timestamp":"Mon, 30 Dec 2024 12:59:51 GMT"}
{"level":"info","message":"Extracting features from file src/test/resources/features/p3/authoring/ProductListing.feature","service":"snooper","timestamp":"Mon, 30 Dec 2024 12:59:51 GMT"}
{"level":"info","message":"Extracting features from file src/test/resources/features/p3/authoring/RelatedInformation.feature","service":"snooper","timestamp":"Mon, 30 Dec 2024 12:59:51 GMT"}
{"level":"info","message":"Extracting features from file src/test/resources/features/p3/authoring/Separator.feature","service":"snooper","timestamp":"Mon, 30 Dec 2024 12:59:51 GMT"}
{"level":"info","message":"Extracting features from file src/test/resources/features/p3/authoring/SimpleTable.feature","service":"snooper","timestamp":"Mon, 30 Dec 2024 12:59:51 GMT"}
{"level":"info","message":"Extracting features from file src/test/resources/features/p3/authoring/SolarCalculator.feature","service":"snooper","timestamp":"Mon, 30 Dec 2024 12:59:51 GMT"}
{"level":"info","message":"Extracting features from file src/test/resources/features/p3/authoring/SplitPanel.feature","service":"snooper","timestamp":"Mon, 30 Dec 2024 12:59:51 GMT"}
{"level":"info","message":"Extracting features from file src/test/resources/features/p3/authoring/Stepper.feature","service":"snooper","timestamp":"Mon, 30 Dec 2024 12:59:51 GMT"}
{"level":"info","message":"Extracting features from file src/test/resources/features/p3/authoring/SuccessBanner.feature","service":"snooper","timestamp":"Mon, 30 Dec 2024 12:59:51 GMT"}
{"level":"info","message":"Extracting features from file src/test/resources/features/p3/authoring/SupportTile.feature","service":"snooper","timestamp":"Mon, 30 Dec 2024 12:59:51 GMT"}
{"level":"info","message":"Extracting features from file src/test/resources/features/p3/authoring/TabbedContent.feature","service":"snooper","timestamp":"Mon, 30 Dec 2024 12:59:51 GMT"}
{"level":"info","message":"Extracting features from file src/test/resources/features/p3/authoring/Text.feature","service":"snooper","timestamp":"Mon, 30 Dec 2024 12:59:51 GMT"}
{"level":"info","message":"Extracting features from file src/test/resources/features/p3/authoring/TextImage.feature","service":"snooper","timestamp":"Mon, 30 Dec 2024 12:59:51 GMT"}
{"level":"info","message":"Extracting features from file src/test/resources/features/p3/authoring/Tiles.feature","service":"snooper","timestamp":"Mon, 30 Dec 2024 12:59:51 GMT"}
{"level":"info","message":"Extracting features from file src/test/resources/features/p3/authoring/Title.feature","service":"snooper","timestamp":"Mon, 30 Dec 2024 12:59:51 GMT"}
{"level":"info","message":"Extracting features from file src/test/resources/features/p3/authoring/TnESearchWidget.feature","service":"snooper","timestamp":"Mon, 30 Dec 2024 12:59:51 GMT"}
{"level":"info","message":"Extracting features from file src/test/resources/features/p3/authoring/TradesSearchWidget.feature","service":"snooper","timestamp":"Mon, 30 Dec 2024 12:59:51 GMT"}
{"level":"info","message":"Extracting features from file src/test/resources/features/p3/authoring/Utility.feature","service":"snooper","timestamp":"Mon, 30 Dec 2024 12:59:51 GMT"}
{"level":"info","message":"Extracting features from file src/test/resources/features/p3/authoring/VideoPlayer.feature","service":"snooper","timestamp":"Mon, 30 Dec 2024 12:59:51 GMT"}
{"level":"info","message":"Extracting features from file src/test/resources/features/p3/authoring/Wayfinder.feature","service":"snooper","timestamp":"Mon, 30 Dec 2024 12:59:51 GMT"}
{"level":"info","message":"Extracting features from file src/test/resources/features/p3/pages/Analytics.feature","service":"snooper","timestamp":"Mon, 30 Dec 2024 12:59:51 GMT"}
{"level":"info","message":"Extracting features from file src/test/resources/features/p3/pages/Cars-Transport.feature","service":"snooper","timestamp":"Mon, 30 Dec 2024 12:59:51 GMT"}
{"level":"info","message":"Extracting features from file src/test/resources/features/p3/pages/Console-Errors.feature","service":"snooper","timestamp":"Mon, 30 Dec 2024 12:59:51 GMT"}
{"level":"info","message":"Extracting features from file src/test/resources/features/p3/pages/Form-Constraints-Injection.feature","service":"snooper","timestamp":"Mon, 30 Dec 2024 12:59:51 GMT"}
{"level":"info","message":"Extracting features from file src/test/resources/features/p3/pages/Form-Constraints-Submission.feature","service":"snooper","timestamp":"Mon, 30 Dec 2024 12:59:51 GMT"}
{"level":"info","message":"Extracting features from file src/test/resources/features/p3/pages/Form-Constraints.feature","service":"snooper","timestamp":"Mon, 30 Dec 2024 12:59:51 GMT"}
{"level":"info","message":"Extracting features from file src/test/resources/features/p3/pages/Header-and-Footer-P3.feature","service":"snooper","timestamp":"Mon, 30 Dec 2024 12:59:51 GMT"}
{"level":"info","message":"Extracting features from file src/test/resources/features/p3/pages/Header-and-Footer.feature","service":"snooper","timestamp":"Mon, 30 Dec 2024 12:59:51 GMT"}
{"level":"info","message":"Extracting features from file src/test/resources/features/p3/pages/Home-Business.feature","service":"snooper","timestamp":"Mon, 30 Dec 2024 12:59:51 GMT"}
{"level":"info","message":"Extracting features from file src/test/resources/features/p3/pages/Home-Security.feature","service":"snooper","timestamp":"Mon, 30 Dec 2024 12:59:51 GMT"}
{"level":"info","message":"Extracting features from file src/test/resources/features/p3/pages/Home-Trades.feature","service":"snooper","timestamp":"Mon, 30 Dec 2024 12:59:51 GMT"}
{"level":"info","message":"Extracting features from file src/test/resources/features/p3/pages/Member-Validation.feature","service":"snooper","timestamp":"Mon, 30 Dec 2024 12:59:51 GMT"}
{"level":"info","message":"Extracting features from file src/test/resources/features/p3/pages/Membership.feature","service":"snooper","timestamp":"Mon, 30 Dec 2024 12:59:51 GMT"}
{"level":"info","message":"Extracting features from file src/test/resources/features/p3/pages/Misc.feature","service":"snooper","timestamp":"Mon, 30 Dec 2024 12:59:51 GMT"}
{"level":"info","message":"Extracting features from file src/test/resources/features/p3/pages/News-And-Lifestyle.feature","service":"snooper","timestamp":"Mon, 30 Dec 2024 12:59:51 GMT"}
{"level":"info","message":"Extracting features from file src/test/resources/features/p3/pages/Other.feature","service":"snooper","timestamp":"Mon, 30 Dec 2024 12:59:51 GMT"}
{"level":"info","message":"Extracting features from file src/test/resources/features/p3/pages/Prod.feature","service":"snooper","timestamp":"Mon, 30 Dec 2024 12:59:51 GMT"}
{"level":"info","message":"Extracting features from file src/test/resources/features/p3/pages/RACV-Generic.feature","service":"snooper","timestamp":"Mon, 30 Dec 2024 12:59:51 GMT"}
{"level":"info","message":"Extracting features from file src/test/resources/features/p3/pages/Resorts-Search.feature","service":"snooper","timestamp":"Mon, 30 Dec 2024 12:59:51 GMT"}
{"level":"info","message":"Extracting features from file src/test/resources/features/p3/pages/Resorts.feature","service":"snooper","timestamp":"Mon, 30 Dec 2024 12:59:51 GMT"}
{"level":"info","message":"Extracting features from file src/test/resources/features/p3/pages/Solar.feature","service":"snooper","timestamp":"Mon, 30 Dec 2024 12:59:51 GMT"}
{"level":"info","message":"Extracting features from file src/test/resources/features/p3/pages/Travel-Experiences.feature","service":"snooper","timestamp":"Mon, 30 Dec 2024 12:59:51 GMT"}
{"level":"info","message":"Extracting features from file src/test/resources/features/p3/pages/Utility.feature","service":"snooper","timestamp":"Mon, 30 Dec 2024 12:59:51 GMT"}
{"level":"info","message":"Snooper discovery completed","service":"snooper","timestamp":"Mon, 30 Dec 2024 12:59:51 GMT"}
{"level":"info","message":"Snooper version 1.23.0","service":"snooper","timestamp":"Mon, 30 Dec 2024 13:03:26 GMT"}
{"level":"info","message":"Snooper discovery completed","service":"snooper","timestamp":"Mon, 30 Dec 2024 13:03:26 GMT"}
{"level":"info","message":"Snooper version 1.23.0","service":"snooper","timestamp":"Mon, 30 Dec 2024 13:03:27 GMT"}
{"level":"info","message":"Discovering feature files","service":"snooper","timestamp":"Mon, 30 Dec 2024 13:03:27 GMT"}
{"level":"info","message":"framework java","service":"snooper","timestamp":"Mon, 30 Dec 2024 13:03:27 GMT"}
{"level":"info","message":"extracting fetures","service":"snooper","timestamp":"Mon, 30 Dec 2024 13:03:27 GMT"}
{"level":"info","message":"Extracting features from file src/test/resources/features/legacy/authoring/Accordian-Component-Authoring-Tests.feature","service":"snooper","timestamp":"Mon, 30 Dec 2024 13:03:27 GMT"}
{"level":"info","message":"Extracting features from file src/test/resources/features/legacy/authoring/Adaptive-Image-Component-Authoring-Tests.feature","service":"snooper","timestamp":"Mon, 30 Dec 2024 13:03:27 GMT"}
{"level":"info","message":"Extracting features from file src/test/resources/features/legacy/authoring/Banner-Component-Tests.feature","service":"snooper","timestamp":"Mon, 30 Dec 2024 13:03:27 GMT"}
{"level":"info","message":"Extracting features from file src/test/resources/features/legacy/authoring/Button-Link-Component-Authoring-Tests.feature","service":"snooper","timestamp":"Mon, 30 Dec 2024 13:03:27 GMT"}
{"level":"info","message":"Extracting features from file src/test/resources/features/legacy/authoring/Canvas-Component-Authoring-Tests.feature","service":"snooper","timestamp":"Mon, 30 Dec 2024 13:03:27 GMT"}
{"level":"info","message":"Extracting features from file src/test/resources/features/legacy/authoring/Club-Booking-Widget-Component-Authoring-Tests.feature","service":"snooper","timestamp":"Mon, 30 Dec 2024 13:03:27 GMT"}
{"level":"info","message":"Extracting features from file src/test/resources/features/legacy/authoring/Emergency-Banner-Authoring-Tests.feature","service":"snooper","timestamp":"Mon, 30 Dec 2024 13:03:27 GMT"}
{"level":"info","message":"Extracting features from file src/test/resources/features/legacy/authoring/Feature-Table-Authoring-Tests.feature","service":"snooper","timestamp":"Mon, 30 Dec 2024 13:03:27 GMT"}
{"level":"info","message":"Extracting features from file src/test/resources/features/legacy/authoring/Footer-Component-Authoring-Tests.feature","service":"snooper","timestamp":"Mon, 30 Dec 2024 13:03:27 GMT"}
{"level":"info","message":"Extracting features from file src/test/resources/features/legacy/authoring/Fuel-Price-Component-Tests.feature","service":"snooper","timestamp":"Mon, 30 Dec 2024 13:03:27 GMT"}
{"level":"info","message":"Extracting features from file src/test/resources/features/legacy/authoring/Generic-List-Template.feature","service":"snooper","timestamp":"Mon, 30 Dec 2024 13:03:27 GMT"}
{"level":"info","message":"Extracting features from file src/test/resources/features/legacy/authoring/Grid-Control-Component-Authoring-Tests.feature","service":"snooper","timestamp":"Mon, 30 Dec 2024 13:03:27 GMT"}
{"level":"info","message":"Extracting features from file src/test/resources/features/legacy/authoring/Header-Component-Authoring-Tests.feature","service":"snooper","timestamp":"Mon, 30 Dec 2024 13:03:27 GMT"}
{"level":"info","message":"Extracting features from file src/test/resources/features/legacy/authoring/Hero-Component-Authoring-Tests.feature","service":"snooper","timestamp":"Mon, 30 Dec 2024 13:03:27 GMT"}
{"level":"info","message":"Extracting features from file src/test/resources/features/legacy/authoring/Html-Editor-Component-Authoring-Tests.feature","service":"snooper","timestamp":"Mon, 30 Dec 2024 13:03:27 GMT"}
{"level":"info","message":"Extracting features from file src/test/resources/features/legacy/authoring/Multi-ERA-Component-Authoring-Tests.feature","service":"snooper","timestamp":"Mon, 30 Dec 2024 13:03:27 GMT"}
{"level":"info","message":"Extracting features from file src/test/resources/features/legacy/authoring/Offer-Card-Authoring-Tests.feature","service":"snooper","timestamp":"Mon, 30 Dec 2024 13:03:27 GMT"}
{"level":"info","message":"Extracting features from file src/test/resources/features/legacy/authoring/Popular-Topics-Authoring-Tests.feature","service":"snooper","timestamp":"Mon, 30 Dec 2024 13:03:27 GMT"}
{"level":"info","message":"Extracting features from file src/test/resources/features/legacy/authoring/RACV-T&L-Search-Widget-Component-Authoring.feature","service":"snooper","timestamp":"Mon, 30 Dec 2024 13:03:27 GMT"}
{"level":"info","message":"Extracting features from file src/test/resources/features/legacy/authoring/RACV-Test-AEM-Authoring.feature","service":"snooper","timestamp":"Mon, 30 Dec 2024 13:03:27 GMT"}
{"level":"info","message":"Extracting features from file src/test/resources/features/legacy/authoring/RACV-Test-Copy-functionality.feature","service":"snooper","timestamp":"Mon, 30 Dec 2024 13:03:27 GMT"}
{"level":"info","message":"Extracting features from file src/test/resources/features/legacy/authoring/Related-Info-List.feature","service":"snooper","timestamp":"Mon, 30 Dec 2024 13:03:27 GMT"}
{"level":"info","message":"Extracting features from file src/test/resources/features/legacy/authoring/Related-Information-List-Standard-Authoring.feature","service":"snooper","timestamp":"Mon, 30 Dec 2024 13:03:27 GMT"}
{"level":"info","message":"Extracting features from file src/test/resources/features/legacy/authoring/Resorts-Booking-Widget-Component-Authoring-Tests.feature","service":"snooper","timestamp":"Mon, 30 Dec 2024 13:03:27 GMT"}
{"level":"info","message":"Extracting features from file src/test/resources/features/legacy/authoring/RTE-Component-Authoring-Tests.feature","service":"snooper","timestamp":"Mon, 30 Dec 2024 13:03:27 GMT"}
{"level":"info","message":"Extracting features from file src/test/resources/features/legacy/authoring/Single-Entry-Point-Component-Authoring-Tests.feature","service":"snooper","timestamp":"Mon, 30 Dec 2024 13:03:27 GMT"}
{"level":"info","message":"Extracting features from file src/test/resources/features/legacy/authoring/Split-Panel-Authoring-Tests.feature","service":"snooper","timestamp":"Mon, 30 Dec 2024 13:03:27 GMT"}
{"level":"info","message":"Extracting features from file src/test/resources/features/legacy/authoring/Standard-Template-Tests.feature","service":"snooper","timestamp":"Mon, 30 Dec 2024 13:03:27 GMT"}
{"level":"info","message":"Extracting features from file src/test/resources/features/legacy/authoring/Tabbed-Links-Component-Authoring-Tests.feature","service":"snooper","timestamp":"Mon, 30 Dec 2024 13:03:27 GMT"}
{"level":"info","message":"Extracting features from file src/test/resources/features/legacy/authoring/Tiles-Cards-Component-Authoring-Tests.feature","service":"snooper","timestamp":"Mon, 30 Dec 2024 13:03:27 GMT"}
{"level":"info","message":"Extracting features from file src/test/resources/features/legacy/authoring/Tiles-Tile-Component-Authoring-Tests.feature","service":"snooper","timestamp":"Mon, 30 Dec 2024 13:03:27 GMT"}
{"level":"info","message":"Extracting features from file src/test/resources/features/legacy/authoring/Utility.feature","service":"snooper","timestamp":"Mon, 30 Dec 2024 13:03:27 GMT"}
{"level":"info","message":"Extracting features from file src/test/resources/features/legacy/authoring/Video-Component-Authoring-tests.feature","service":"snooper","timestamp":"Mon, 30 Dec 2024 13:03:27 GMT"}
{"level":"info","message":"Extracting features from file src/test/resources/features/legacy/pages/AEM-Forms-R0-R1.feature","service":"snooper","timestamp":"Mon, 30 Dec 2024 13:03:27 GMT"}
{"level":"info","message":"Extracting features from file src/test/resources/features/legacy/pages/AEM-Forms-R2.feature","service":"snooper","timestamp":"Mon, 30 Dec 2024 13:03:27 GMT"}
{"level":"info","message":"Extracting features from file src/test/resources/features/legacy/pages/AEM-Forms-R3.feature","service":"snooper","timestamp":"Mon, 30 Dec 2024 13:03:27 GMT"}
{"level":"info","message":"Extracting features from file src/test/resources/features/legacy/pages/Forms-Validation.feature","service":"snooper","timestamp":"Mon, 30 Dec 2024 13:03:27 GMT"}
{"level":"info","message":"Extracting features from file src/test/resources/features/legacy/pages/RACV-Club.feature","service":"snooper","timestamp":"Mon, 30 Dec 2024 13:03:27 GMT"}
{"level":"info","message":"Extracting features from file src/test/resources/features/legacy/pages/RACV-Generic.feature","service":"snooper","timestamp":"Mon, 30 Dec 2024 13:03:27 GMT"}
{"level":"info","message":"Extracting features from file src/test/resources/features/legacy/pages/RACV-Legal.feature","service":"snooper","timestamp":"Mon, 30 Dec 2024 13:03:27 GMT"}
{"level":"info","message":"Extracting features from file src/test/resources/features/legacy/pages/RACV-Microsites-Sanity.feature","service":"snooper","timestamp":"Mon, 30 Dec 2024 13:03:27 GMT"}
{"level":"info","message":"Extracting features from file src/test/resources/features/legacy/pages/RACV-Search.feature","service":"snooper","timestamp":"Mon, 30 Dec 2024 13:03:27 GMT"}
{"level":"info","message":"Extracting features from file src/test/resources/features/legacy/pages/Screenshots-building-insurance.feature","service":"snooper","timestamp":"Mon, 30 Dec 2024 13:03:27 GMT"}
{"level":"info","message":"Extracting features from file src/test/resources/features/legacy/pages/Screenshots-combine-insurance.feature","service":"snooper","timestamp":"Mon, 30 Dec 2024 13:03:27 GMT"}
{"level":"info","message":"Extracting features from file src/test/resources/features/legacy/pages/Screenshots-home-contents-insurance.feature","service":"snooper","timestamp":"Mon, 30 Dec 2024 13:03:27 GMT"}
{"level":"info","message":"Extracting features from file src/test/resources/features/legacy/pages/Screenshots-home-insurance.feature","service":"snooper","timestamp":"Mon, 30 Dec 2024 13:03:27 GMT"}
{"level":"info","message":"Extracting features from file src/test/resources/features/legacy/pages/Screenshots-member-benefits.feature","service":"snooper","timestamp":"Mon, 30 Dec 2024 13:03:27 GMT"}
{"level":"info","message":"Extracting features from file src/test/resources/features/p3/authoring/Accordion.feature","service":"snooper","timestamp":"Mon, 30 Dec 2024 13:03:27 GMT"}
{"level":"info","message":"Extracting features from file src/test/resources/features/p3/authoring/ActionBar.feature","service":"snooper","timestamp":"Mon, 30 Dec 2024 13:03:27 GMT"}
{"level":"info","message":"Extracting features from file src/test/resources/features/p3/authoring/AuthorInformation.feature","service":"snooper","timestamp":"Mon, 30 Dec 2024 13:03:27 GMT"}
{"level":"info","message":"Extracting features from file src/test/resources/features/p3/authoring/Banner.feature","service":"snooper","timestamp":"Mon, 30 Dec 2024 13:03:27 GMT"}
{"level":"info","message":"Extracting features from file src/test/resources/features/p3/authoring/BenefitsSnapshotPanel.feature","service":"snooper","timestamp":"Mon, 30 Dec 2024 13:03:27 GMT"}
{"level":"info","message":"Extracting features from file src/test/resources/features/p3/authoring/Breadcrumb.feature","service":"snooper","timestamp":"Mon, 30 Dec 2024 13:03:27 GMT"}
{"level":"info","message":"Extracting features from file src/test/resources/features/p3/authoring/Button-Theme.feature","service":"snooper","timestamp":"Mon, 30 Dec 2024 13:03:27 GMT"}
{"level":"info","message":"Extracting features from file src/test/resources/features/p3/authoring/Button.feature","service":"snooper","timestamp":"Mon, 30 Dec 2024 13:03:27 GMT"}
{"level":"info","message":"Extracting features from file src/test/resources/features/p3/authoring/Card.feature","service":"snooper","timestamp":"Mon, 30 Dec 2024 13:03:27 GMT"}
{"level":"info","message":"Extracting features from file src/test/resources/features/p3/authoring/CompareCard.feature","service":"snooper","timestamp":"Mon, 30 Dec 2024 13:03:27 GMT"}
{"level":"info","message":"Extracting features from file src/test/resources/features/p3/authoring/ContactFooter.feature","service":"snooper","timestamp":"Mon, 30 Dec 2024 13:03:27 GMT"}
{"level":"info","message":"Extracting features from file src/test/resources/features/p3/authoring/Container.feature","service":"snooper","timestamp":"Mon, 30 Dec 2024 13:03:27 GMT"}
{"level":"info","message":"Extracting features from file src/test/resources/features/p3/authoring/Embed.feature","service":"snooper","timestamp":"Mon, 30 Dec 2024 13:03:27 GMT"}
{"level":"info","message":"Extracting features from file src/test/resources/features/p3/authoring/EmergencyStrip.feature","service":"snooper","timestamp":"Mon, 30 Dec 2024 13:03:27 GMT"}
{"level":"info","message":"Extracting features from file src/test/resources/features/p3/authoring/Experience-Fragment.feature","service":"snooper","timestamp":"Mon, 30 Dec 2024 13:03:27 GMT"}
{"level":"info","message":"Extracting features from file src/test/resources/features/p3/authoring/FeatureBanner.feature","service":"snooper","timestamp":"Mon, 30 Dec 2024 13:03:27 GMT"}
{"level":"info","message":"Extracting features from file src/test/resources/features/p3/authoring/Feedback.feature","service":"snooper","timestamp":"Mon, 30 Dec 2024 13:03:27 GMT"}
{"level":"info","message":"Extracting features from file src/test/resources/features/p3/authoring/FilterMap.feature","service":"snooper","timestamp":"Mon, 30 Dec 2024 13:03:27 GMT"}
{"level":"info","message":"Extracting features from file src/test/resources/features/p3/authoring/Footer.feature","service":"snooper","timestamp":"Mon, 30 Dec 2024 13:03:27 GMT"}
{"level":"info","message":"Extracting features from file src/test/resources/features/p3/authoring/Form-DatePicker.feature","service":"snooper","timestamp":"Mon, 30 Dec 2024 13:03:27 GMT"}
{"level":"info","message":"Extracting features from file src/test/resources/features/p3/authoring/Form-DoBPicker.feature","service":"snooper","timestamp":"Mon, 30 Dec 2024 13:03:27 GMT"}
{"level":"info","message":"Extracting features from file src/test/resources/features/p3/authoring/Form-Field.feature","service":"snooper","timestamp":"Mon, 30 Dec 2024 13:03:27 GMT"}
{"level":"info","message":"Extracting features from file src/test/resources/features/p3/authoring/Form-FileUploader.feature","service":"snooper","timestamp":"Mon, 30 Dec 2024 13:03:27 GMT"}
{"level":"info","message":"Extracting features from file src/test/resources/features/p3/authoring/Form-Option.feature","service":"snooper","timestamp":"Mon, 30 Dec 2024 13:03:27 GMT"}
{"level":"info","message":"Extracting features from file src/test/resources/features/p3/authoring/Form-TMP-Analytics.feature","service":"snooper","timestamp":"Mon, 30 Dec 2024 13:03:27 GMT"}
{"level":"info","message":"Extracting features from file src/test/resources/features/p3/authoring/Form.feature","service":"snooper","timestamp":"Mon, 30 Dec 2024 13:03:27 GMT"}
{"level":"info","message":"Extracting features from file src/test/resources/features/p3/authoring/GDPR.feature","service":"snooper","timestamp":"Mon, 30 Dec 2024 13:03:27 GMT"}
{"level":"info","message":"Extracting features from file src/test/resources/features/p3/authoring/Header.feature","service":"snooper","timestamp":"Mon, 30 Dec 2024 13:03:27 GMT"}
{"level":"info","message":"Extracting features from file src/test/resources/features/p3/authoring/HeroBanner.feature","service":"snooper","timestamp":"Mon, 30 Dec 2024 13:03:27 GMT"}
{"level":"info","message":"Extracting features from file src/test/resources/features/p3/authoring/HighlightCards.feature","service":"snooper","timestamp":"Mon, 30 Dec 2024 13:03:27 GMT"}
{"level":"info","message":"Extracting features from file src/test/resources/features/p3/authoring/HtmlEditor.feature","service":"snooper","timestamp":"Mon, 30 Dec 2024 13:03:27 GMT"}
{"level":"info","message":"Extracting features from file src/test/resources/features/p3/authoring/IconText.feature","service":"snooper","timestamp":"Mon, 30 Dec 2024 13:03:27 GMT"}
{"level":"info","message":"Extracting features from file src/test/resources/features/p3/authoring/IconTextIllustration.feature","service":"snooper","timestamp":"Mon, 30 Dec 2024 13:03:27 GMT"}
{"level":"info","message":"Extracting features from file src/test/resources/features/p3/authoring/Image.feature","service":"snooper","timestamp":"Mon, 30 Dec 2024 13:03:27 GMT"}
{"level":"info","message":"Extracting features from file src/test/resources/features/p3/authoring/LinkList.feature","service":"snooper","timestamp":"Mon, 30 Dec 2024 13:03:27 GMT"}
{"level":"info","message":"Extracting features from file src/test/resources/features/p3/authoring/LoanCalculator.feature","service":"snooper","timestamp":"Mon, 30 Dec 2024 13:03:27 GMT"}
{"level":"info","message":"Extracting features from file src/test/resources/features/p3/authoring/MemberValidation.feature","service":"snooper","timestamp":"Mon, 30 Dec 2024 13:03:27 GMT"}
{"level":"info","message":"Extracting features from file src/test/resources/features/p3/authoring/Misc-AEM.feature","service":"snooper","timestamp":"Mon, 30 Dec 2024 13:03:27 GMT"}
{"level":"info","message":"Extracting features from file src/test/resources/features/p3/authoring/Misc-Storybook-iOS.feature","service":"snooper","timestamp":"Mon, 30 Dec 2024 13:03:27 GMT"}
{"level":"info","message":"Extracting features from file src/test/resources/features/p3/authoring/Misc-StoryBook.feature","service":"snooper","timestamp":"Mon, 30 Dec 2024 13:03:27 GMT"}
{"level":"info","message":"Extracting features from file src/test/resources/features/p3/authoring/NavigationSidebar.feature","service":"snooper","timestamp":"Mon, 30 Dec 2024 13:03:27 GMT"}
{"level":"info","message":"Extracting features from file src/test/resources/features/p3/authoring/Offer-Banner.feature","service":"snooper","timestamp":"Mon, 30 Dec 2024 13:03:27 GMT"}
{"level":"info","message":"Extracting features from file src/test/resources/features/p3/authoring/OfferCards.feature","service":"snooper","timestamp":"Mon, 30 Dec 2024 13:03:27 GMT"}
{"level":"info","message":"Extracting features from file src/test/resources/features/p3/authoring/OverviewPanel.feature","service":"snooper","timestamp":"Mon, 30 Dec 2024 13:03:27 GMT"}
{"level":"info","message":"Extracting features from file src/test/resources/features/p3/authoring/ProductListing.feature","service":"snooper","timestamp":"Mon, 30 Dec 2024 13:03:27 GMT"}
{"level":"info","message":"Extracting features from file src/test/resources/features/p3/authoring/RelatedInformation.feature","service":"snooper","timestamp":"Mon, 30 Dec 2024 13:03:27 GMT"}
{"level":"info","message":"Extracting features from file src/test/resources/features/p3/authoring/Separator.feature","service":"snooper","timestamp":"Mon, 30 Dec 2024 13:03:27 GMT"}
{"level":"info","message":"Extracting features from file src/test/resources/features/p3/authoring/SimpleTable.feature","service":"snooper","timestamp":"Mon, 30 Dec 2024 13:03:27 GMT"}
{"level":"info","message":"Extracting features from file src/test/resources/features/p3/authoring/SolarCalculator.feature","service":"snooper","timestamp":"Mon, 30 Dec 2024 13:03:27 GMT"}
{"level":"info","message":"Extracting features from file src/test/resources/features/p3/authoring/SplitPanel.feature","service":"snooper","timestamp":"Mon, 30 Dec 2024 13:03:27 GMT"}
{"level":"info","message":"Extracting features from file src/test/resources/features/p3/authoring/Stepper.feature","service":"snooper","timestamp":"Mon, 30 Dec 2024 13:03:27 GMT"}
{"level":"info","message":"Extracting features from file src/test/resources/features/p3/authoring/SuccessBanner.feature","service":"snooper","timestamp":"Mon, 30 Dec 2024 13:03:27 GMT"}
{"level":"info","message":"Extracting features from file src/test/resources/features/p3/authoring/SupportTile.feature","service":"snooper","timestamp":"Mon, 30 Dec 2024 13:03:27 GMT"}
{"level":"info","message":"Extracting features from file src/test/resources/features/p3/authoring/TabbedContent.feature","service":"snooper","timestamp":"Mon, 30 Dec 2024 13:03:27 GMT"}
{"level":"info","message":"Extracting features from file src/test/resources/features/p3/authoring/Text.feature","service":"snooper","timestamp":"Mon, 30 Dec 2024 13:03:27 GMT"}
{"level":"info","message":"Extracting features from file src/test/resources/features/p3/authoring/TextImage.feature","service":"snooper","timestamp":"Mon, 30 Dec 2024 13:03:27 GMT"}
{"level":"info","message":"Extracting features from file src/test/resources/features/p3/authoring/Tiles.feature","service":"snooper","timestamp":"Mon, 30 Dec 2024 13:03:27 GMT"}
{"level":"info","message":"Extracting features from file src/test/resources/features/p3/authoring/Title.feature","service":"snooper","timestamp":"Mon, 30 Dec 2024 13:03:27 GMT"}
{"level":"info","message":"Extracting features from file src/test/resources/features/p3/authoring/TnESearchWidget.feature","service":"snooper","timestamp":"Mon, 30 Dec 2024 13:03:27 GMT"}
{"level":"info","message":"Extracting features from file src/test/resources/features/p3/authoring/TradesSearchWidget.feature","service":"snooper","timestamp":"Mon, 30 Dec 2024 13:03:27 GMT"}
{"level":"info","message":"Extracting features from file src/test/resources/features/p3/authoring/Utility.feature","service":"snooper","timestamp":"Mon, 30 Dec 2024 13:03:27 GMT"}
{"level":"info","message":"Extracting features from file src/test/resources/features/p3/authoring/VideoPlayer.feature","service":"snooper","timestamp":"Mon, 30 Dec 2024 13:03:27 GMT"}
{"level":"info","message":"Extracting features from file src/test/resources/features/p3/authoring/Wayfinder.feature","service":"snooper","timestamp":"Mon, 30 Dec 2024 13:03:27 GMT"}
{"level":"info","message":"Extracting features from file src/test/resources/features/p3/pages/Analytics.feature","service":"snooper","timestamp":"Mon, 30 Dec 2024 13:03:27 GMT"}
{"level":"info","message":"Extracting features from file src/test/resources/features/p3/pages/Cars-Transport.feature","service":"snooper","timestamp":"Mon, 30 Dec 2024 13:03:27 GMT"}
{"level":"info","message":"Extracting features from file src/test/resources/features/p3/pages/Console-Errors.feature","service":"snooper","timestamp":"Mon, 30 Dec 2024 13:03:27 GMT"}
{"level":"info","message":"Extracting features from file src/test/resources/features/p3/pages/Form-Constraints-Injection.feature","service":"snooper","timestamp":"Mon, 30 Dec 2024 13:03:27 GMT"}
{"level":"info","message":"Extracting features from file src/test/resources/features/p3/pages/Form-Constraints-Submission.feature","service":"snooper","timestamp":"Mon, 30 Dec 2024 13:03:27 GMT"}
{"level":"info","message":"Extracting features from file src/test/resources/features/p3/pages/Form-Constraints.feature","service":"snooper","timestamp":"Mon, 30 Dec 2024 13:03:27 GMT"}
{"level":"info","message":"Extracting features from file src/test/resources/features/p3/pages/Header-and-Footer-P3.feature","service":"snooper","timestamp":"Mon, 30 Dec 2024 13:03:27 GMT"}
{"level":"info","message":"Extracting features from file src/test/resources/features/p3/pages/Header-and-Footer.feature","service":"snooper","timestamp":"Mon, 30 Dec 2024 13:03:27 GMT"}
{"level":"info","message":"Extracting features from file src/test/resources/features/p3/pages/Home-Business.feature","service":"snooper","timestamp":"Mon, 30 Dec 2024 13:03:27 GMT"}
{"level":"info","message":"Extracting features from file src/test/resources/features/p3/pages/Home-Security.feature","service":"snooper","timestamp":"Mon, 30 Dec 2024 13:03:27 GMT"}
{"level":"info","message":"Extracting features from file src/test/resources/features/p3/pages/Home-Trades.feature","service":"snooper","timestamp":"Mon, 30 Dec 2024 13:03:27 GMT"}
{"level":"info","message":"Extracting features from file src/test/resources/features/p3/pages/Member-Validation.feature","service":"snooper","timestamp":"Mon, 30 Dec 2024 13:03:27 GMT"}
{"level":"info","message":"Extracting features from file src/test/resources/features/p3/pages/Membership.feature","service":"snooper","timestamp":"Mon, 30 Dec 2024 13:03:27 GMT"}
{"level":"info","message":"Extracting features from file src/test/resources/features/p3/pages/Misc.feature","service":"snooper","timestamp":"Mon, 30 Dec 2024 13:03:27 GMT"}
{"level":"info","message":"Extracting features from file src/test/resources/features/p3/pages/News-And-Lifestyle.feature","service":"snooper","timestamp":"Mon, 30 Dec 2024 13:03:27 GMT"}
{"level":"info","message":"Extracting features from file src/test/resources/features/p3/pages/Other.feature","service":"snooper","timestamp":"Mon, 30 Dec 2024 13:03:27 GMT"}
{"level":"info","message":"Extracting features from file src/test/resources/features/p3/pages/Prod.feature","service":"snooper","timestamp":"Mon, 30 Dec 2024 13:03:27 GMT"}
{"level":"info","message":"Extracting features from file src/test/resources/features/p3/pages/RACV-Generic.feature","service":"snooper","timestamp":"Mon, 30 Dec 2024 13:03:27 GMT"}
{"level":"info","message":"Extracting features from file src/test/resources/features/p3/pages/Resorts-Search.feature","service":"snooper","timestamp":"Mon, 30 Dec 2024 13:03:27 GMT"}
{"level":"info","message":"Extracting features from file src/test/resources/features/p3/pages/Resorts.feature","service":"snooper","timestamp":"Mon, 30 Dec 2024 13:03:27 GMT"}
{"level":"info","message":"Extracting features from file src/test/resources/features/p3/pages/Solar.feature","service":"snooper","timestamp":"Mon, 30 Dec 2024 13:03:27 GMT"}
{"level":"info","message":"Extracting features from file src/test/resources/features/p3/pages/Travel-Experiences.feature","service":"snooper","timestamp":"Mon, 30 Dec 2024 13:03:27 GMT"}
{"level":"info","message":"Extracting features from file src/test/resources/features/p3/pages/Utility.feature","service":"snooper","timestamp":"Mon, 30 Dec 2024 13:03:27 GMT"}
{"level":"info","message":"Snooper discovery completed","service":"snooper","timestamp":"Mon, 30 Dec 2024 13:03:27 GMT"}
